INFO:root:Started
INFO:root:Started
INFO:root:User chose right shift!
INFO:root:User chose 1 step(s)!
INFO:root:Finished
INFO:root:Started
INFO:root:Started
INFO:root:User entered google!
INFO:root:User chose the right shift!
INFO:root:User entered the wrong value!
INFO:root:User entered the wrong value!
INFO:root:User chose 4 step(s)!
INFO:root:User decided to change the mode!
INFO:root:User chose the left shift!
INFO:root:User chose 5 step(s)!
INFO:root:Finished
INFO:root:Started
INFO:root:User entered (hello)!
INFO:root:User chose the right shift!
INFO:root:User entered the wrong value!
INFO:root:User entered the wrong value!
INFO:root:User chose 3 step(s)!
INFO:root:User decided to change the mode!
INFO:root:User chose the left shift!
INFO:root:User chose 4 step(s)!
INFO:root:Finished
